2026-04-20 23:11:28, MOVE, v:1, k:ed@vetbuild, mode:PICK
2026-04-20 23:15:18, EXEC, v:1, k:ed@vetbuild, mode:FULL, size:130, fail:COMP
2026-04-20 23:15:19, EXEC, v:1, k:ed@vetbuild, mode:FULL, fail:COMP
2026-04-20 23:27:13, EXEC, v:1, k:ed@vetbuild, mode:FULL, rate:0, size:131
2026-04-20 23:27:08, MOVE, v:1, k:ed@vetbuild, mode:EDIT
2026-04-20 23:34:17, EXEC, v:1, k:ed@vetbuild, mode:FULL, rate:0, size:134
2026-04-20 23:34:29, EXEC, v:1, k:ed@vetbuild, mode:FULL, rate:0, size:134
2026-04-20 23:34:26, MOVE, v:1, k:ed@vetbuild, mode:EDIT
2026-04-20 23:37:43, EXEC, v:1, k:ed@vetbuild, mode:FULL, rate:0, size:134
2026-04-20 23:37:39, MOVE, v:1, k:ed@vetbuild, mode:EDIT
2026-04-20 23:43:17, EXEC, v:1, k:ed@vetbuild, mode:FULL, rate:0, size:137
2026-04-20 23:43:37, EXEC, v:1, k:ed@vetbuild, mode:FULL, rate:0, size:137
2026-04-20 23:44:03, EXEC, v:1, k:ed@vetbuild, mode:FULL, rate:0, size:137
2026-04-20 23:44:38, EXEC, v:1, k:ed@vetbuild, mode:FULL, rate:0
2026-04-20 23:44:45, EXEC, v:1, k:ed@vetbuild, mode:FULL, rate:0
2026-04-20 23:45:27, EXEC, v:1, k:ed@vetbuild, mode:FULL, rate:0, size:137
2026-04-20 23:45:27, EXEC, v:1, k:ed@vetbuild, mode:FULL, rate:0, size:137
2026-04-20 23:45:31, EXEC, v:1, k:ed@vetbuild, mode:FULL, rate:0, size:137
2026-04-20 23:45:24, MOVE, v:1, k:ed@vetbuild, mode:EDIT
2026-04-20 23:47:48, EXEC, v:1, k:ed@vetbuild, mode:FULL, rate:0
2026-04-20 23:47:50, MOVE, v:1, k:ed@vetbuild, mode:BACK
