2026-04-16 07:42:38, MOVE, v:1, k:ed@triangulo, mode:DOWN
2026-04-16 07:42:39, MOVE, v:1, k:ed@triangulo, mode:PICK
2026-04-16 07:42:54, EXEC, v:1, k:ed@triangulo, mode:FULL, rate:0, size:48
2026-04-16 07:42:38, MOVE, v:1, k:ed@triangulo, mode:EDIT
2026-04-16 07:42:38, MOVE, v:1, k:ed@triangulo, mode:EDIT
2026-04-16 08:01:24, MOVE, v:1, k:ed@triangulo, mode:BACK
2026-04-16 08:01:32, MOVE, v:1, k:ed@labirinto, mode:DOWN
2026-04-16 08:01:34, MOVE, v:1, k:ed@labirinto, mode:PICK
2026-04-16 08:01:15, MOVE, v:1, k:ed@triangulo, mode:EDIT
2026-04-16 08:01:32, MOVE, v:1, k:ed@labirinto, mode:EDIT
2026-04-16 08:01:32, MOVE, v:1, k:ed@labirinto, mode:EDIT
2026-04-16 08:01:32, MOVE, v:1, k:ed@labirinto, mode:EDIT
2026-04-16 08:02:36, EXEC, v:1, k:ed@labirinto, mode:FULL, rate:0, size:66
2026-04-16 08:02:45, EXEC, v:1, k:ed@labirinto, mode:FULL, rate:0
2026-04-16 08:45:21, MOVE, v:1, k:ed@triangulo, mode:PICK
2026-04-16 08:45:42, MOVE, v:1, k:ed@triangulo, mode:BACK
2026-04-16 08:46:01, MOVE, v:1, k:ed@mdc, mode:PICK
2026-04-16 08:46:18, MOVE, v:1, k:ed@mdc, mode:BACK
2026-04-16 08:46:22, MOVE, v:1, k:ed@triangulo, mode:PICK
2026-04-16 08:46:51, MOVE, v:1, k:ed@triangulo, mode:BACK
2026-04-16 08:46:59, MOVE, v:1, k:ed@treinando, mode:PICK
2026-04-16 08:47:07, MOVE, v:1, k:ed@treinando, mode:BACK
2026-04-16 08:47:09, MOVE, v:1, k:ed@triangulo, mode:PICK
2026-04-16 08:54:03, EXEC, v:1, k:ed@triangulo, mode:FULL, rate:0, size:54
2026-04-16 08:53:59, MOVE, v:1, k:ed@triangulo, mode:EDIT
2026-04-16 08:59:07, EXEC, v:1, k:ed@triangulo, mode:FULL, rate:0, size:54
2026-04-16 08:59:03, MOVE, v:1, k:ed@triangulo, mode:EDIT
2026-04-16 09:00:33, EXEC, v:1, k:ed@triangulo, mode:FULL, rate:0, size:55
2026-04-16 09:01:42, EXEC, v:1, k:ed@triangulo, mode:FULL, rate:0, size:54
2026-04-16 09:02:14, EXEC, v:1, k:ed@triangulo, mode:FULL, rate:0, size:55
2026-04-16 09:02:46, EXEC, v:1, k:ed@triangulo, mode:FULL, rate:0, size:54
2026-04-16 09:02:44, MOVE, v:1, k:ed@triangulo, mode:EDIT
2026-04-16 09:05:42, EXEC, v:1, k:ed@triangulo, mode:FULL, rate:0, size:55
2026-04-16 09:05:38, MOVE, v:1, k:ed@triangulo, mode:EDIT
2026-04-16 09:11:37, EXEC, v:1, k:ed@triangulo, mode:FULL, rate:0, size:54
2026-04-16 09:12:40, EXEC, v:1, k:ed@triangulo, mode:FULL, rate:0, size:55
2026-04-16 09:13:52, EXEC, v:1, k:ed@triangulo, mode:FULL, rate:100, size:55
2026-04-16 09:13:44, MOVE, v:1, k:ed@triangulo, mode:EDIT
2026-04-16 09:17:01, EXEC, v:1, k:ed@triangulo, mode:FULL, rate:100, size:60
