2026-04-15 20:04:50, MOVE, v:1, k:ed@fractais_png, mode:PICK
2026-04-15 20:12:35, EXEC, v:1, k:ed@fractais_png, mode:LOCK, rate:0, size:160
2026-04-15 20:13:10, EXEC, v:1, k:ed@fractais_png, mode:LOCK, rate:0
2026-04-15 20:13:16, EXEC, v:1, k:ed@fractais_png, mode:LOCK, rate:0
2026-04-15 20:12:15, MOVE, v:1, k:ed@fractais_png, mode:EDIT
2026-04-15 20:13:16, MOVE, v:1, k:ed@fractais_png, mode:EDIT
2026-04-15 20:17:51, EXEC, v:1, k:ed@fractais_png, mode:LOCK, rate:0, size:160
2026-04-15 20:18:00, EXEC, v:1, k:ed@fractais_png, mode:LOCK, rate:0, size:160
2026-04-15 20:18:26, EXEC, v:1, k:ed@fractais_png, mode:LOCK, rate:0, size:160
2026-04-15 20:18:39, EXEC, v:1, k:ed@fractais_png, mode:LOCK, rate:0, size:160
2026-04-15 20:18:59, EXEC, v:1, k:ed@fractais_png, mode:LOCK, rate:0, size:160
2026-04-15 20:19:08, EXEC, v:1, k:ed@fractais_png, mode:LOCK, rate:0, size:160
2026-04-15 20:19:04, MOVE, v:1, k:ed@fractais_png, mode:EDIT
2026-04-15 20:19:08, MOVE, v:1, k:ed@fractais_png, mode:EDIT
2026-04-15 20:22:52, EXEC, v:1, k:ed@fractais_png, mode:LOCK, rate:0, size:162
2026-04-15 20:23:01, EXEC, v:1, k:ed@fractais_png, mode:LOCK, rate:0
2026-04-15 20:23:02, EXEC, v:1, k:ed@fractais_png, mode:LOCK, rate:0
2026-04-15 20:23:04, EXEC, v:1, k:ed@fractais_png, mode:LOCK, rate:0
2026-04-15 20:23:06, EXEC, v:1, k:ed@fractais_png, mode:LOCK, rate:0
2026-04-15 20:23:07, EXEC, v:1, k:ed@fractais_png, mode:LOCK, rate:0
2026-04-15 20:22:48, MOVE, v:1, k:ed@fractais_png, mode:EDIT
2026-04-15 20:23:07, MOVE, v:1, k:ed@fractais_png, mode:EDIT
2026-04-15 20:25:38, EXEC, v:1, k:ed@fractais_png, mode:LOCK, rate:0, size:165
2026-04-15 20:25:59, EXEC, v:1, k:ed@fractais_png, mode:LOCK, rate:0, size:165
2026-04-15 20:26:01, EXEC, v:1, k:ed@fractais_png, mode:LOCK, rate:0
2026-04-15 20:26:12, EXEC, v:1, k:ed@fractais_png, mode:LOCK, rate:0, size:165
2026-04-15 20:26:22, EXEC, v:1, k:ed@fractais_png, mode:LOCK, rate:0, size:165
2026-04-15 20:26:24, EXEC, v:1, k:ed@fractais_png, mode:LOCK, rate:0
2026-04-15 20:26:25, EXEC, v:1, k:ed@fractais_png, mode:LOCK, rate:0
2026-04-15 20:26:27, EXEC, v:1, k:ed@fractais_png, mode:LOCK, rate:0
2026-04-15 20:26:29, EXEC, v:1, k:ed@fractais_png, mode:LOCK, rate:0
2026-04-15 20:26:31, EXEC, v:1, k:ed@fractais_png, mode:LOCK, rate:0
2026-04-15 20:26:38, EXEC, v:1, k:ed@fractais_png, mode:LOCK, rate:0, size:165
2026-04-15 20:26:40, EXEC, v:1, k:ed@fractais_png, mode:LOCK, rate:0
2026-04-15 20:27:39, EXEC, v:1, k:ed@fractais_png, mode:LOCK, rate:0, size:166
2026-04-15 20:27:44, EXEC, v:1, k:ed@fractais_png, mode:LOCK, rate:0
2026-04-15 20:27:46, EXEC, v:1, k:ed@fractais_png, mode:LOCK, rate:0
2026-04-15 20:27:47, EXEC, v:1, k:ed@fractais_png, mode:LOCK, rate:0
2026-04-15 20:27:49, EXEC, v:1, k:ed@fractais_png, mode:LOCK, rate:0
2026-04-15 20:28:37, EXEC, v:1, k:ed@fractais_png, mode:LOCK, rate:0, size:167
2026-04-15 20:28:39, EXEC, v:1, k:ed@fractais_png, mode:LOCK, rate:0
2026-04-15 20:28:41, EXEC, v:1, k:ed@fractais_png, mode:LOCK, rate:0
2026-04-15 20:28:42, EXEC, v:1, k:ed@fractais_png, mode:LOCK, rate:0
2026-04-15 20:28:44, EXEC, v:1, k:ed@fractais_png, mode:LOCK, rate:0
2026-04-15 20:28:45, EXEC, v:1, k:ed@fractais_png, mode:LOCK, rate:0
2026-04-15 20:28:47, EXEC, v:1, k:ed@fractais_png, mode:LOCK, rate:0
2026-04-15 20:28:24, MOVE, v:1, k:ed@fractais_png, mode:EDIT
2026-04-15 20:28:47, MOVE, v:1, k:ed@fractais_png, mode:EDIT
2026-04-15 20:38:32, EXEC, v:1, k:ed@fractais_png, mode:LOCK, rate:0, size:167
2026-04-15 20:38:44, EXEC, v:1, k:ed@fractais_png, mode:LOCK, rate:0
2026-04-15 20:38:48, EXEC, v:1, k:ed@fractais_png, mode:LOCK, rate:0
2026-04-15 20:38:52, EXEC, v:1, k:ed@fractais_png, mode:LOCK, rate:0, size:167
2026-04-15 20:39:01, EXEC, v:1, k:ed@fractais_png, mode:LOCK, rate:0, size:167
2026-04-15 20:38:59, MOVE, v:1, k:ed@fractais_png, mode:EDIT
2026-04-15 20:39:01, MOVE, v:1, k:ed@fractais_png, mode:EDIT
2026-04-15 20:39:34, EXEC, v:1, k:ed@fractais_png, mode:LOCK, rate:0, size:167
2026-04-15 20:40:14, EXEC, v:1, k:ed@fractais_png, mode:LOCK, rate:0, size:167
2026-04-15 20:40:16, EXEC, v:1, k:ed@fractais_png, mode:LOCK, rate:0
2026-04-15 20:41:08, EXEC, v:1, k:ed@fractais_png, mode:LOCK, rate:0, size:168
2026-04-15 20:41:10, EXEC, v:1, k:ed@fractais_png, mode:LOCK, rate:0
2026-04-15 20:41:12, EXEC, v:1, k:ed@fractais_png, mode:LOCK, rate:0
2026-04-15 20:41:13, EXEC, v:1, k:ed@fractais_png, mode:LOCK, rate:0
2026-04-15 20:41:14, EXEC, v:1, k:ed@fractais_png, mode:LOCK, rate:0
2026-04-15 20:41:16, EXEC, v:1, k:ed@fractais_png, mode:LOCK, rate:0
2026-04-15 20:41:17, EXEC, v:1, k:ed@fractais_png, mode:LOCK, rate:0
2026-04-15 20:41:19, EXEC, v:1, k:ed@fractais_png, mode:LOCK, rate:0
2026-04-15 20:41:20, EXEC, v:1, k:ed@fractais_png, mode:LOCK, rate:0
2026-04-15 20:41:21, EXEC, v:1, k:ed@fractais_png, mode:LOCK, rate:0
2026-04-15 20:41:24, EXEC, v:1, k:ed@fractais_png, mode:LOCK, rate:0
2026-04-15 20:41:41, EXEC, v:1, k:ed@fractais_png, mode:LOCK, rate:0
2026-04-15 20:41:42, EXEC, v:1, k:ed@fractais_png, mode:LOCK, rate:0
2026-04-15 20:41:44, EXEC, v:1, k:ed@fractais_png, mode:LOCK, rate:0
2026-04-15 20:41:45, EXEC, v:1, k:ed@fractais_png, mode:LOCK, rate:0
2026-04-15 20:41:46, EXEC, v:1, k:ed@fractais_png, mode:LOCK, rate:0
2026-04-15 20:41:47, EXEC, v:1, k:ed@fractais_png, mode:LOCK, rate:0
2026-04-15 20:41:49, EXEC, v:1, k:ed@fractais_png, mode:LOCK, rate:0
2026-04-15 20:41:50, EXEC, v:1, k:ed@fractais_png, mode:LOCK, rate:0
2026-04-15 20:41:51, EXEC, v:1, k:ed@fractais_png, mode:LOCK, rate:0
2026-04-15 20:41:52, EXEC, v:1, k:ed@fractais_png, mode:LOCK, rate:0
2026-04-15 20:41:53, EXEC, v:1, k:ed@fractais_png, mode:LOCK, rate:0
2026-04-15 20:41:54, EXEC, v:1, k:ed@fractais_png, mode:LOCK, rate:0
2026-04-15 20:41:04, MOVE, v:1, k:ed@fractais_png, mode:EDIT
2026-04-15 20:41:54, MOVE, v:1, k:ed@fractais_png, mode:EDIT
2026-04-15 20:56:27, EXEC, v:1, k:ed@fractais_png, mode:LOCK, rate:0, size:168
2026-04-15 20:56:16, MOVE, v:1, k:ed@fractais_png, mode:EDIT
2026-04-15 21:01:12, EXEC, v:1, k:ed@fractais_png, mode:LOCK, rate:0, size:178
2026-04-15 21:01:31, EXEC, v:1, k:ed@fractais_png, mode:LOCK, rate:0, size:178
2026-04-15 21:01:58, EXEC, v:1, k:ed@fractais_png, mode:LOCK, rate:0, size:178
2026-04-15 21:02:23, EXEC, v:1, k:ed@fractais_png, mode:LOCK, rate:0, size:178
2026-04-15 21:02:29, EXEC, v:1, k:ed@fractais_png, mode:LOCK, rate:0
2026-04-15 21:02:27, MOVE, v:1, k:ed@fractais_png, mode:EDIT
2026-04-15 21:02:29, MOVE, v:1, k:ed@fractais_png, mode:EDIT
2026-04-15 21:16:55, EXEC, v:1, k:ed@fractais_png, mode:LOCK, rate:0, size:193
2026-04-15 21:16:57, EXEC, v:1, k:ed@fractais_png, mode:LOCK, rate:0
2026-04-15 21:18:24, EXEC, v:1, k:ed@fractais_png, mode:LOCK, rate:0, size:193
2026-04-15 21:18:25, EXEC, v:1, k:ed@fractais_png, mode:LOCK, rate:0
2026-04-15 21:19:07, MOVE, v:1, k:ed@fractais_png, mode:EDIT
2026-04-15 21:18:25, MOVE, v:1, k:ed@fractais_png, mode:EDIT
2026-04-15 21:29:09, MOVE, v:1, k:ed@fractais_png, mode:BACK
2026-04-15 21:32:17, SELF, v:1, k:ed@fractais_png, self:1, study:30, guided:1
