2026-04-19 12:36:42, MOVE, v:1, k:ed@bettersearch, mode:DOWN
2026-04-19 12:36:44, MOVE, v:1, k:ed@bettersearch, mode:PICK
2026-04-19 12:36:42, MOVE, v:1, k:ed@bettersearch, mode:EDIT
2026-04-19 12:36:42, MOVE, v:1, k:ed@bettersearch, mode:EDIT
2026-04-19 12:36:42, MOVE, v:1, k:ed@bettersearch, mode:EDIT
2026-04-19 12:55:56, EXEC, v:1, k:ed@bettersearch, mode:FULL, rate:18, size:33
2026-04-19 17:00:10, MOVE, v:1, k:ed@bettersearch, mode:EDIT
2026-04-19 17:00:39, EXEC, v:1, k:ed@bettersearch, mode:FULL, size:36, fail:COMP
2026-04-19 17:03:30, EXEC, v:1, k:ed@bettersearch, mode:FULL, rate:9, size:45
2026-04-19 17:03:25, MOVE, v:1, k:ed@bettersearch, mode:EDIT
2026-04-19 17:07:51, EXEC, v:1, k:ed@bettersearch, mode:FULL, rate:9, size:47
2026-04-19 17:07:53, EXEC, v:1, k:ed@bettersearch, mode:FULL, rate:9
2026-04-19 17:09:03, EXEC, v:1, k:ed@bettersearch, mode:FULL, rate:9, size:47
2026-04-19 17:10:31, MOVE, v:1, k:ed@bettersearch, mode:EDIT
2026-04-19 17:10:35, EXEC, v:1, k:ed@bettersearch, mode:FULL, rate:63, size:47
2026-04-19 17:11:46, EXEC, v:1, k:ed@bettersearch, mode:FULL, rate:36, size:47
2026-04-19 17:12:09, EXEC, v:1, k:ed@bettersearch, mode:FULL, rate:63, size:47
2026-04-19 17:12:11, EXEC, v:1, k:ed@bettersearch, mode:FULL, rate:63
2026-04-19 17:12:24, MOVE, v:1, k:ed@bettersearch, mode:EDIT
2026-04-19 17:16:53, EXEC, v:1, k:ed@bettersearch, mode:FULL, rate:63, size:47
2026-04-19 17:16:50, MOVE, v:1, k:ed@bettersearch, mode:EDIT
2026-04-19 17:21:48, EXEC, v:1, k:ed@bettersearch, mode:FULL, rate:100, size:47
2026-04-19 17:21:45, MOVE, v:1, k:ed@bettersearch, mode:EDIT
2026-04-19 17:28:05, MOVE, v:1, k:ed@bettersearch, mode:BACK
2026-04-19 17:28:55, SELF, v:1, k:ed@bettersearch, self:1, rate:100, study:20, concept:1
2026-04-19 17:29:37, SELF, v:1, k:ed@bettersearch, self:1, rate:100, study:20, concept:1
2026-04-19 17:32:59, MOVE, v:1, k:ed@magicsearch, mode:DOWN
2026-04-19 17:33:01, MOVE, v:1, k:ed@magicsearch, mode:PICK
2026-04-19 17:32:59, MOVE, v:1, k:ed@magicsearch, mode:EDIT
2026-04-19 17:32:59, MOVE, v:1, k:ed@magicsearch, mode:EDIT
2026-04-19 17:32:59, MOVE, v:1, k:ed@magicsearch, mode:EDIT
2026-04-19 17:39:04, MOVE, v:1, k:ed@magicsearch, mode:EDIT
2026-04-19 17:43:56, EXEC, v:1, k:ed@magicsearch, mode:FULL, rate:70, size:42
2026-04-19 17:43:57, EXEC, v:1, k:ed@magicsearch, mode:FULL, rate:70
2026-04-19 17:43:58, EXEC, v:1, k:ed@magicsearch, mode:FULL, rate:70
2026-04-19 17:43:53, MOVE, v:1, k:ed@magicsearch, mode:EDIT
2026-04-19 17:45:50, EXEC, v:1, k:ed@magicsearch, mode:FULL, rate:10, size:45
2026-04-19 17:46:08, EXEC, v:1, k:ed@magicsearch, mode:FULL, rate:10, size:45
2026-04-19 17:47:19, EXEC, v:1, k:ed@magicsearch, mode:FULL, rate:10
2026-04-19 17:46:03, MOVE, v:1, k:ed@magicsearch, mode:EDIT
2026-04-19 18:00:52, EXEC, v:1, k:ed@magicsearch, mode:FULL, rate:20, size:44
2026-04-19 18:00:53, EXEC, v:1, k:ed@magicsearch, mode:FULL, rate:20
2026-04-19 18:00:48, MOVE, v:1, k:ed@magicsearch, mode:EDIT
2026-04-19 18:09:44, EXEC, v:1, k:ed@magicsearch, mode:FULL, rate:10, size:48
2026-04-19 18:09:39, MOVE, v:1, k:ed@magicsearch, mode:EDIT
2026-04-19 18:11:05, EXEC, v:1, k:ed@magicsearch, mode:FULL, rate:10, size:50
2026-04-19 18:11:18, EXEC, v:1, k:ed@magicsearch, mode:FULL, rate:10
2026-04-19 18:12:17, EXEC, v:1, k:ed@magicsearch, mode:FULL, rate:10, size:50
2026-04-19 18:13:02, EXEC, v:1, k:ed@magicsearch, mode:FULL, rate:70, size:50
2026-04-19 18:12:59, MOVE, v:1, k:ed@magicsearch, mode:EDIT
2026-04-19 18:20:13, EXEC, v:1, k:ed@magicsearch, mode:FULL, rate:100, size:50
2026-04-19 18:20:10, MOVE, v:1, k:ed@magicsearch, mode:EDIT
2026-04-19 18:21:34, MOVE, v:1, k:ed@magicsearch, mode:BACK
2026-04-19 18:22:06, SELF, v:1, k:ed@magicsearch, self:1, rate:100, study:15
2026-04-19 18:24:33, MOVE, v:1, k:ed@iterador, mode:DOWN
2026-04-19 18:24:34, MOVE, v:1, k:ed@iterador, mode:PICK
2026-04-19 18:24:33, MOVE, v:1, k:ed@iterador, mode:EDIT
2026-04-19 18:24:33, MOVE, v:1, k:ed@iterador, mode:EDIT
2026-04-19 18:24:33, MOVE, v:1, k:ed@iterador, mode:EDIT
2026-04-19 18:24:33, MOVE, v:1, k:ed@iterador, mode:EDIT
2026-04-19 18:37:18, MOVE, v:1, k:ed@iterador, mode:BACK
2026-04-19 18:37:29, MOVE, v:1, k:ed@vetbuild, mode:DOWN
2026-04-19 18:37:30, MOVE, v:1, k:ed@vetbuild, mode:PICK
2026-04-19 18:38:01, MOVE, v:1, k:ed@vetbuild, mode:BACK
2026-04-19 18:38:03, MOVE, v:1, k:ed@vetbuild, mode:PICK
2026-04-19 18:37:29, MOVE, v:1, k:ed@vetbuild, mode:EDIT
2026-04-19 18:37:29, MOVE, v:1, k:ed@vetbuild, mode:EDIT
2026-04-19 18:37:29, MOVE, v:1, k:ed@vetbuild, mode:EDIT
2026-04-19 18:37:29, MOVE, v:1, k:ed@vetbuild, mode:EDIT
2026-04-19 21:30:09, MOVE, v:1, k:ed@vetbuild, mode:BACK
2026-04-19 21:31:27, MOVE, v:1, k:ed@princesa, mode:PICK
2026-04-19 22:15:23, EXEC, v:1, k:ed@princesa, mode:FULL, rate:0, size:44
2026-04-19 22:15:18, MOVE, v:1, k:ed@princesa, mode:EDIT
2026-04-19 22:20:31, EXEC, v:1, k:ed@princesa, mode:FULL, rate:0, size:50
2026-04-19 22:20:27, MOVE, v:1, k:ed@princesa, mode:EDIT
2026-04-19 22:20:58, EXEC, v:1, k:ed@princesa, mode:FULL, rate:100, size:50
2026-04-19 22:20:53, MOVE, v:1, k:ed@princesa, mode:EDIT
2026-04-19 22:27:41, MOVE, v:1, k:ed@princesa, mode:EDIT
2026-04-19 22:37:12, EXEC, v:1, k:ed@princesa, mode:FULL, size:46, fail:COMP
2026-04-19 22:37:14, EXEC, v:1, k:ed@princesa, mode:FULL, fail:COMP
2026-04-19 22:37:30, EXEC, v:1, k:ed@princesa, mode:FULL, size:46, fail:COMP
2026-04-19 22:37:32, EXEC, v:1, k:ed@princesa, mode:FULL, fail:COMP
2026-04-19 22:38:11, EXEC, v:1, k:ed@princesa, mode:FULL, fail:COMP
2026-04-19 22:37:28, MOVE, v:1, k:ed@princesa, mode:EDIT
2026-04-19 22:48:45, EXEC, v:1, k:ed@princesa, mode:FULL, rate:0, size:46
2026-04-19 22:49:05, EXEC, v:1, k:ed@princesa, mode:FULL, rate:100, size:46
2026-04-19 22:49:07, MOVE, v:1, k:ed@princesa, mode:BACK
2026-04-19 22:49:39, SELF, v:1, k:ed@princesa, self:1, rate:100, study:120, concept:1, problem:1, code:1
