2026-03-30 18:45:36, MOVE, v:1, k:ed@buscas, mode:PICK
2026-03-30 18:45:39, EXEC, v:1, k:ed@buscas, mode:FULL, rate:100, size:88
2026-03-30 19:38:23, EXEC, v:1, k:ed@buscas, mode:FULL, rate:0, size:32
2026-03-30 19:39:39, EXEC, v:1, k:ed@buscas, mode:FULL, rate:0, size:33
2026-03-30 19:44:19, EXEC, v:1, k:ed@buscas, mode:FULL, rate:100, size:37
2026-03-30 20:09:20, MOVE, v:1, k:ed@buscas, mode:BACK
2026-03-30 20:09:50, MOVE, v:1, k:ed@apagando, mode:PICK
2026-03-30 20:09:51, EXEC, v:1, k:ed@apagando, mode:FULL, rate:100
2026-03-30 20:09:52, MOVE, v:1, k:ed@apagando, mode:BACK
2026-03-30 20:10:44, SELF, v:1, k:ed@apagando, self:1, rate:100, study:40, concept:1
2026-03-30 20:12:01, SELF, v:1, k:ed@buscas, self:1, rate:100, study:90, concept:1, problem:1, refactor:1
2026-03-30 20:12:20, MOVE, v:1, k:ed@rotacoes, mode:DOWN
2026-03-30 20:12:20, MOVE, v:1, k:ed@rotacoes, mode:PICK
2026-03-30 20:12:24, EXEC, v:1, k:ed@rotacoes, mode:FULL, rate:0, size:5
2026-03-30 21:41:01, EXEC, v:1, k:ed@rotacoes, mode:FULL, rate:0, size:23
2026-03-30 21:41:42, EXEC, v:1, k:ed@rotacoes, mode:FULL, rate:0, size:24
2026-03-30 21:44:09, EXEC, v:1, k:ed@rotacoes, mode:FULL, rate:0, size:26
2026-03-30 21:44:45, EXEC, v:1, k:ed@rotacoes, mode:FULL, rate:100, size:23
2026-03-30 21:46:07, MOVE, v:1, k:ed@rotacoes, mode:BACK
2026-03-30 21:47:13, SELF, v:1, k:ed@rotacoes, self:1, rate:100, study:25, friend:Samia, concept:1
