2026-03-14 10:05:36, MOVE, v:1, k:ed@fuga, mode:DOWN
2026-03-14 10:05:37, MOVE, v:1, k:ed@fuga, mode:PICK
2026-03-14 10:30:38, EXEC, v:1, k:ed@fuga, mode:FULL, rate:0, size:21
2026-03-14 10:32:04, EXEC, v:1, k:ed@fuga, mode:FULL, rate:0
2026-03-14 10:32:22, EXEC, v:1, k:ed@fuga, mode:FULL, rate:0, size:21
2026-03-14 10:33:25, EXEC, v:1, k:ed@fuga, mode:FULL, rate:0, size:21
2026-03-14 10:33:50, EXEC, v:1, k:ed@fuga, mode:FREE
2026-03-14 10:34:18, EXEC, v:1, k:ed@fuga, mode:FREE
2026-03-14 10:35:18, MOVE, v:1, k:ed@fuga, mode:PICK
2026-03-14 10:39:29, EXEC, v:1, k:ed@fuga, mode:FULL, rate:0, size:37
2026-03-14 10:43:28, EXEC, v:1, k:ed@fuga, mode:FULL, rate:0
2026-03-14 10:43:40, EXEC, v:1, k:ed@fuga, mode:FULL, rate:100, size:37
2026-03-14 10:43:47, EXEC, v:1, k:ed@fuga, mode:FULL, rate:100
2026-03-14 10:43:49, MOVE, v:1, k:ed@fuga, mode:BACK
2026-03-14 10:45:15, SELF, v:1, k:ed@fuga, self:1, rate:100, study:39, debug:1
2026-03-14 10:50:14, MOVE, v:1, k:ed@pedra, mode:DOWN
2026-03-14 10:50:16, MOVE, v:1, k:ed@pedra, mode:PICK
2026-03-14 12:14:25, EXEC, v:1, k:ed@pedra, mode:FULL, rate:0, size:47
2026-03-14 12:15:17, EXEC, v:1, k:ed@pedra, mode:FULL, rate:0
2026-03-14 12:16:07, MOVE, v:1, k:ed@pedra, mode:BACK
2026-03-14 12:16:22, MOVE, v:1, k:ed@pedra, mode:PICK
2026-03-14 12:16:28, MOVE, v:1, k:ed@pedra, mode:BACK
2026-03-14 12:16:30, MOVE, v:1, k:ed@pedra, mode:PICK
2026-03-14 12:16:30, MOVE, v:1, k:ed@pedra, mode:BACK
2026-03-14 12:16:31, MOVE, v:1, k:ed@pedra, mode:PICK
2026-03-14 12:16:34, MOVE, v:1, k:ed@pedra, mode:BACK
2026-03-14 13:58:20, MOVE, v:1, k:ed@pedra, mode:PICK
2026-03-14 19:25:29, MOVE, v:1, k:ed@pedra, mode:BACK
