2026-04-06 15:47:43, MOVE, v:1, k:ed@treinando, mode:PICK
2026-04-06 16:55:16, EXEC, v:1, k:ed@treinando, mode:FULL, rate:0, size:93
2026-04-06 16:59:49, MOVE, v:1, k:ed@treinando, mode:PICK
2026-04-06 17:01:17, MOVE, v:1, k:ed@treinando, mode:BACK
2026-04-06 17:01:36, MOVE, v:1, k:ed@treinando, mode:PICK
2026-04-06 17:16:25, EXEC, v:1, k:ed@treinando, mode:FULL, rate:0, size:107
2026-04-06 17:17:07, MOVE, v:1, k:ed@treinando, mode:PICK
2026-04-06 17:17:09, EXEC, v:1, k:ed@treinando, mode:FULL, rate:0
2026-04-06 17:36:36, EXEC, v:1, k:ed@treinando, mode:FULL, size:108, fail:COMP
2026-04-06 17:36:37, EXEC, v:1, k:ed@treinando, mode:FULL, fail:COMP
2026-04-06 17:36:39, EXEC, v:1, k:ed@treinando, mode:FULL, fail:COMP
2026-04-06 17:38:06, EXEC, v:1, k:ed@treinando, mode:FULL, rate:33, size:108
2026-04-06 17:42:03, EXEC, v:1, k:ed@treinando, mode:FULL, rate:33, size:113
2026-04-06 17:42:21, EXEC, v:1, k:ed@treinando, mode:FULL, rate:50, size:113
2026-04-06 17:42:31, MOVE, v:1, k:ed@treinando, mode:PICK
2026-04-06 17:42:33, EXEC, v:1, k:ed@treinando, mode:FULL, rate:50
2026-04-06 17:42:49, EXEC, v:1, k:ed@treinando, mode:FULL, rate:33, size:113
2026-04-06 17:43:16, EXEC, v:1, k:ed@treinando, mode:FULL, rate:50, size:113
2026-04-06 19:24:06, EXEC, v:1, k:ed@treinando, mode:FULL, rate:50
2026-04-06 19:24:08, EXEC, v:1, k:ed@treinando, mode:FULL, rate:50
2026-04-06 19:24:14, EXEC, v:1, k:ed@treinando, mode:FULL, rate:50
2026-04-06 19:54:21, EXEC, v:1, k:ed@treinando, mode:FULL, rate:66, size:117
2026-04-06 19:58:17, EXEC, v:1, k:ed@treinando, mode:FULL, rate:66, size:121
2026-04-06 19:58:38, EXEC, v:1, k:ed@treinando, mode:FULL, rate:66, size:121
2026-04-06 19:59:08, EXEC, v:1, k:ed@treinando, mode:FULL, rate:83, size:121
2026-04-06 20:11:01, EXEC, v:1, k:ed@treinando, mode:FULL, rate:83
2026-04-06 20:16:40, EXEC, v:1, k:ed@treinando, mode:FULL, rate:100, size:152
2026-04-06 20:24:38, EXEC, v:1, k:ed@treinando, mode:FULL, rate:100, size:143
2026-04-06 21:14:01, MOVE, v:1, k:ed@resto, mode:DOWN
2026-04-06 21:14:02, MOVE, v:1, k:ed@resto, mode:PICK
2026-04-06 21:25:26, EXEC, v:1, k:ed@resto, mode:FULL, rate:0, size:18
2026-04-06 21:25:30, EXEC, v:1, k:ed@resto, mode:FULL, rate:0
2026-04-06 21:25:48, EXEC, v:1, k:ed@resto, mode:FULL, rate:100, size:18
2026-04-06 21:26:38, MOVE, v:1, k:ed@resto, mode:BACK
2026-04-06 21:27:50, SELF, v:1, k:ed@treinando, self:1, rate:100, study:120, concept:1, problem:1
2026-04-06 21:28:43, SELF, v:1, k:ed@resto, self:1, rate:100, study:15, concept:1
2026-04-06 21:28:52, MOVE, v:1, k:ed@mdc, mode:DOWN
2026-04-06 21:28:53, MOVE, v:1, k:ed@mdc, mode:PICK
2026-04-06 21:37:27, EXEC, v:1, k:ed@mdc, mode:FULL, size:23, fail:COMP
2026-04-06 21:38:44, MOVE, v:1, k:ed@mdc, mode:BACK
2026-04-06 21:38:50, MOVE, v:1, k:ed@resto, mode:PICK
2026-04-06 21:41:21, EXEC, v:1, k:ed@resto, mode:FULL, rate:100
2026-04-06 21:41:35, MOVE, v:1, k:ed@resto, mode:BACK
2026-04-06 21:41:35, MOVE, v:1, k:ed@resto, mode:PICK
2026-04-06 21:41:36, MOVE, v:1, k:ed@resto, mode:BACK
2026-04-06 21:42:00, MOVE, v:1, k:ed@mdc, mode:PICK
2026-04-06 21:42:01, EXEC, v:1, k:ed@mdc, mode:FULL, rate:0, size:24
2026-04-06 21:42:05, EXEC, v:1, k:ed@mdc, mode:FREE
2026-04-06 21:42:55, MOVE, v:1, k:ed@mdc, mode:PICK
2026-04-06 21:42:57, EXEC, v:1, k:ed@mdc, mode:FULL, rate:0
2026-04-06 21:43:16, EXEC, v:1, k:ed@mdc, mode:FULL, rate:0
2026-04-06 21:43:53, EXEC, v:1, k:ed@mdc, mode:FULL, rate:0
2026-04-06 21:48:26, EXEC, v:1, k:ed@mdc, mode:FULL, rate:100, size:22
2026-04-06 21:48:29, MOVE, v:1, k:ed@mdc, mode:BACK
2026-04-06 21:48:59, SELF, v:1, k:ed@mdc, self:1, rate:100, study:13, refactor:1
2026-04-06 21:50:10, MOVE, v:1, k:ed@vetequals, mode:DOWN
2026-04-06 21:50:13, MOVE, v:1, k:ed@vetequals, mode:PICK
2026-04-06 21:59:39, EXEC, v:1, k:ed@vetequals, mode:FULL, rate:100, size:59
2026-04-06 21:59:41, EXEC, v:1, k:ed@vetequals, mode:FULL, rate:100
2026-04-06 21:59:46, MOVE, v:1, k:ed@vetequals, mode:BACK
2026-04-06 22:00:17, SELF, v:1, k:ed@vetequals, self:1, rate:100, study:10, concept:1
2026-04-06 22:00:37, MOVE, v:1, k:ed@treinando, mode:PICK
2026-04-06 22:00:41, EXEC, v:1, k:ed@treinando, mode:FULL, rate:100
2026-04-06 22:00:42, MOVE, v:1, k:ed@treinando, mode:BACK
2026-04-06 22:01:53, SELF, v:1, k:ed@treinando, self:1, rate:100, study:120, concept:1, problem:1, debug:1, refactor:1
2026-04-06 22:04:08, MOVE, v:1, k:ed@treinando, mode:DOWN
